
> starter_helpi@0.1.0 test
> react-scripts test --coverage

PASS src/App.test.tsx
  ✓ renders learn react link (44 ms)

-----------------------|---------|----------|---------|---------|-------------------
File                   | % Stmts | % Branch | % Funcs | % Lines | Uncovered Line #s 
-----------------------|---------|----------|---------|---------|-------------------
All files              |   26.19 |    16.66 |   11.76 |   26.82 |                   
 App.tsx               |   56.25 |       50 |   28.57 |   56.25 | 19-25,37,45-51    
 BasicQuestions.tsx    |      50 |      100 |       0 |      50 | 4                 
 DetailedQuestions.tsx |    7.69 |      100 |       0 |    8.33 | 6-55              
 index.tsx             |       0 |      100 |     100 |       0 | 7-19              
 reportWebVitals.ts    |       0 |        0 |       0 |       0 | 3-10              
-----------------------|---------|----------|---------|---------|-------------------
Test Suites: 1 passed, 1 total
Tests:       1 passed, 1 total
Snapshots:   0 total
Time:        2.726 s
Ran all test suites.
[0;33mOne of your dependencies, babel-preset-react-app, is importing the
"@babel/plugin-proposal-private-property-in-object" package without
declaring it in its dependencies. This is currently working because
"@babel/plugin-proposal-private-property-in-object" is already in your
node_modules folder for unrelated reasons, but it [1mmay break at any time[0;33m.

babel-preset-react-app is part of the create-react-app project, [1mwhich
is not maintianed anymore[0;33m. It is thus unlikely that this bug will
ever be fixed. Add "@babel/plugin-proposal-private-property-in-object" to
your devDependencies to work around this error. This will make this message
go away.[0m
  
